<?xml version="1.0" encoding="utf-8"?><testsuites name="pytest tests"><testsuite name="pytest" errors="0" failures="0" skipped="0" tests="20" time="3.071" timestamp="2026-03-31T21:29:18.392788+00:00" hostname="agent-env-bed448d0-73ce-4aba-9b69-41879a0256e4"><testcase classname="backend.tests.test_api.TestHealthEndpoints" name="test_api_root_returns_200" time="0.177" /><testcase classname="backend.tests.test_api.TestHealthEndpoints" name="test_settings_returns_configuration" time="0.129" /><testcase classname="backend.tests.test_api.TestAutobizIdentify" name="test_identify_known_mock_plates[AA123BB-Peugeot-208]" time="0.149" /><testcase classname="backend.tests.test_api.TestAutobizIdentify" name="test_identify_known_mock_plates[CC456DD-Renault-Clio V]" time="0.160" /><testcase classname="backend.tests.test_api.TestAutobizIdentify" name="test_identify_known_mock_plates[GG012HH-Volkswagen-Golf 8]" time="0.122" /><testcase classname="backend.tests.test_api.TestAutobizIdentify" name="test_identify_known_mock_plates[KK345LL-BMW-Serie 3]" time="0.106" /><testcase classname="backend.tests.test_api.TestAutobizIdentify" name="test_identify_known_mock_plates[AB123CD-Toyota-Yaris]" time="0.153" /><testcase classname="backend.tests.test_api.TestAutobizIdentify" name="test_identify_unknown_plate_returns_random_vehicle" time="0.108" /><testcase classname="backend.tests.test_api.TestAutobizIdentify" name="test_identify_returns_versions_list" time="0.138" /><testcase classname="backend.tests.test_api.TestAutobizQuote" name="test_quote_returns_pricing_data" time="0.172" /><testcase classname="backend.tests.test_api.TestAutobizQuote" name="test_quote_applies_range_discount" time="0.133" /><testcase classname="backend.tests.test_api.TestLeadsCRUD" name="test_save_lead_creates_record" time="0.125" /><testcase classname="backend.tests.test_api.TestLeadsCRUD" name="test_save_lead_and_verify_in_list" time="0.212" /><testcase classname="backend.tests.test_api.TestLeadsCRUD" name="test_get_leads_returns_list" time="0.130" /><testcase classname="backend.tests.test_api.TestLeadsCRUD" name="test_save_non_drivable_lead" time="0.112" /><testcase classname="backend.tests.test_api.TestCentersAndAppointments" name="test_get_centers_returns_list" time="0.117" /><testcase classname="backend.tests.test_api.TestCentersAndAppointments" name="test_get_appointment_slots" time="0.142" /><testcase classname="backend.tests.test_api.TestRanges" name="test_get_ranges_returns_seeded_data" time="0.118" /><testcase classname="backend.tests.test_api.TestTracking" name="test_track_event_success" time="0.121" /><testcase classname="backend.tests.test_api.TestIntegrationFlows" name="test_full_estimation_flow" time="0.348" /></testsuite></testsuites>