<?xml version="1.0" encoding="utf-8"?><testsuites name="pytest tests"><testsuite name="pytest" errors="0" failures="0" skipped="0" tests="21" time="4.320" timestamp="2026-03-31T22:21:38.322890+00:00" hostname="agent-env-bed448d0-73ce-4aba-9b69-41879a0256e4"><testcase classname="backend.tests.test_admin.TestAdminLogin" name="test_login_with_correct_password_returns_token" time="0.228" /><testcase classname="backend.tests.test_admin.TestAdminLogin" name="test_login_with_wrong_password_returns_401" time="0.115" /><testcase classname="backend.tests.test_admin.TestAdminLogin" name="test_login_with_empty_password_returns_401" time="0.197" /><testcase classname="backend.tests.test_admin.TestAdminSettingsAuth" name="test_get_settings_without_token_returns_401" time="0.117" /><testcase classname="backend.tests.test_admin.TestAdminSettingsAuth" name="test_get_settings_with_invalid_token_returns_401" time="0.127" /><testcase classname="backend.tests.test_admin.TestAdminSettings" name="test_get_settings_with_valid_token_returns_settings" time="0.170" /><testcase classname="backend.tests.test_admin.TestAdminSettings" name="test_settings_secrets_are_masked" time="0.173" /><testcase classname="backend.tests.test_admin.TestAdminSettings" name="test_update_settings_persists_changes" time="0.331" /><testcase classname="backend.tests.test_admin.TestAdminSettings" name="test_update_with_masked_secret_does_not_overwrite" time="0.505" /><testcase classname="backend.tests.test_admin.TestAdminSettings" name="test_update_toggle_fields" time="0.258" /><testcase classname="backend.tests.test_admin.TestAdminLeads" name="test_get_leads_without_token_returns_401" time="0.115" /><testcase classname="backend.tests.test_admin.TestAdminLeads" name="test_get_leads_returns_paginated_list" time="0.170" /><testcase classname="backend.tests.test_admin.TestAdminLeads" name="test_get_leads_pagination_works" time="0.236" /><testcase classname="backend.tests.test_admin.TestAdminRanges" name="test_get_ranges_without_token_returns_401" time="0.116" /><testcase classname="backend.tests.test_admin.TestAdminRanges" name="test_get_ranges_returns_list" time="0.217" /><testcase classname="backend.tests.test_admin.TestAdminRanges" name="test_create_range_and_verify" time="0.259" /><testcase classname="backend.tests.test_admin.TestAdminRanges" name="test_delete_range" time="0.274" /><testcase classname="backend.tests.test_admin.TestAdminRanges" name="test_delete_nonexistent_range_returns_404" time="0.169" /><testcase classname="backend.tests.test_admin.TestAdminStats" name="test_get_stats_without_token_returns_401" time="0.122" /><testcase classname="backend.tests.test_admin.TestAdminStats" name="test_get_stats_returns_summary" time="0.207" /><testcase classname="backend.tests.test_admin.TestTokenExpiry" name="test_token_format_is_jwt" time="0.104" /></testsuite></testsuites>