<?xml version="1.0" encoding="utf-8"?><testsuites name="pytest tests"><testsuite name="pytest" errors="0" failures="0" skipped="0" tests="20" time="4.906" timestamp="2026-04-06T21:02:14.202316+00:00" hostname="agent-env-bed448d0-73ce-4aba-9b69-41879a0256e4"><testcase classname="backend.tests.test_seo_redesign.TestSeoPagePublicEndpoints" name="test_national_page_loads" time="0.247" /><testcase classname="backend.tests.test_seo_redesign.TestSeoPagePublicEndpoints" name="test_department_page_loads" time="0.203" /><testcase classname="backend.tests.test_seo_redesign.TestSeoPagePublicEndpoints" name="test_city_page_loads" time="0.121" /><testcase classname="backend.tests.test_seo_redesign.TestSeoPagePublicEndpoints" name="test_all_city_pages_load" time="0.690" /><testcase classname="backend.tests.test_seo_redesign.TestSeoPagePublicEndpoints" name="test_nonexistent_page_returns_404" time="0.126" /><testcase classname="backend.tests.test_seo_redesign.TestSeoPagePublicEndpoints" name="test_seo_pages_list" time="0.101" /><testcase classname="backend.tests.test_seo_redesign.TestSeoPageDataStructure" name="test_page_has_sections_for_alternating_layout" time="0.119" /><testcase classname="backend.tests.test_seo_redesign.TestSeoPageDataStructure" name="test_page_has_faq_for_accordion" time="0.152" /><testcase classname="backend.tests.test_seo_redesign.TestSeoPageDataStructure" name="test_page_has_cta_text" time="0.118" /><testcase classname="backend.tests.test_seo_redesign.TestSeoPageDataStructure" name="test_page_has_trust_and_vehicles_flags" time="0.133" /><testcase classname="backend.tests.test_seo_redesign.TestAdminSeoEndpoints" name="test_admin_seo_pages_list" time="0.246" /><testcase classname="backend.tests.test_seo_redesign.TestAdminSeoEndpoints" name="test_admin_seo_pages_requires_auth" time="0.216" /><testcase classname="backend.tests.test_seo_redesign.TestAdminSeoEndpoints" name="test_admin_get_single_page" time="0.237" /><testcase classname="backend.tests.test_seo_redesign.TestAdminSeoEndpoints" name="test_admin_update_page" time="0.235" /><testcase classname="backend.tests.test_seo_redesign.TestSeoUploadEndpoint" name="test_seo_upload_requires_auth" time="0.273" /><testcase classname="backend.tests.test_seo_redesign.TestSeoUploadEndpoint" name="test_seo_upload_with_auth" time="0.379" /><testcase classname="backend.tests.test_seo_redesign.TestSeoUploadEndpoint" name="test_seo_upload_rejects_invalid_type" time="0.171" /><testcase classname="backend.tests.test_seo_redesign.TestSeoPageNewFields" name="test_page_accepts_hero_image" time="0.309" /><testcase classname="backend.tests.test_seo_redesign.TestSeoPageNewFields" name="test_page_accepts_section_images" time="0.373" /><testcase classname="backend.tests.test_seo_redesign.TestSeoPageNewFields" name="test_page_accepts_gallery_vehicles" time="0.349" /></testsuite></testsuites>