<?xml version="1.0" encoding="utf-8"?><testsuites name="pytest tests"><testsuite name="pytest" errors="0" failures="0" skipped="0" tests="15" time="4.029" timestamp="2026-04-01T20:12:03.208228+00:00" hostname="agent-env-bed448d0-73ce-4aba-9b69-41879a0256e4"><testcase classname="backend.tests.test_garages_appointments.TestPublicGaragesAPI" name="test_get_garages_returns_list" time="0.208" /><testcase classname="backend.tests.test_garages_appointments.TestPublicGaragesAPI" name="test_get_garages_with_postal_code_proximity" time="0.137" /><testcase classname="backend.tests.test_garages_appointments.TestPublicGaragesAPI" name="test_get_garages_only_active" time="0.120" /><testcase classname="backend.tests.test_garages_appointments.TestAppointmentConfigAPI" name="test_get_appointment_config" time="0.118" /><testcase classname="backend.tests.test_garages_appointments.TestAvailableSlotsAPI" name="test_get_available_slots" time="0.243" /><testcase classname="backend.tests.test_garages_appointments.TestAvailableSlotsAPI" name="test_get_available_slots_disabled_date" time="0.641" /><testcase classname="backend.tests.test_garages_appointments.TestLeadSaveWithAppointment" name="test_save_lead_with_appointment" time="0.262" /><testcase classname="backend.tests.test_garages_appointments.TestLeadSaveWithAppointment" name="test_save_lead_creates_appointment_entry" time="0.397" /><testcase classname="backend.tests.test_garages_appointments.TestAdminGaragesCRUD" name="test_admin_create_garage" time="0.143" /><testcase classname="backend.tests.test_garages_appointments.TestAdminGaragesCRUD" name="test_admin_get_garages" time="0.123" /><testcase classname="backend.tests.test_garages_appointments.TestAdminGaragesCRUD" name="test_admin_update_garage" time="0.221" /><testcase classname="backend.tests.test_garages_appointments.TestAdminGaragesCRUD" name="test_admin_delete_garage" time="0.353" /><testcase classname="backend.tests.test_garages_appointments.TestAdminAppointmentConfig" name="test_admin_get_appointment_config" time="0.117" /><testcase classname="backend.tests.test_garages_appointments.TestAdminAppointmentConfig" name="test_admin_update_appointment_config" time="0.336" /><testcase classname="backend.tests.test_garages_appointments.TestSlotConcurrency" name="test_slot_becomes_unavailable_when_full" time="0.514" /></testsuite></testsuites>