<?xml version="1.0" encoding="utf-8"?><testsuites name="pytest tests"><testsuite name="pytest" errors="0" failures="0" skipped="0" tests="18" time="11.230" timestamp="2026-04-02T20:55:19.809237+00:00" hostname="agent-env-bed448d0-73ce-4aba-9b69-41879a0256e4"><testcase classname="tests.test_new_funnel.TestLeadsEstimateEndpoint" name="test_estimate_lead_drivable_returns_lead_id_and_price" time="5.027" /><testcase classname="tests.test_new_funnel.TestLeadsEstimateEndpoint" name="test_estimate_lead_non_drivable_returns_zero_price" time="0.190" /><testcase classname="tests.test_new_funnel.TestLeadsEstimateEndpoint" name="test_estimate_lead_creates_lead_with_estimated_status" time="1.378" /><testcase classname="tests.test_new_funnel.TestLeadResultEndpoint" name="test_get_lead_result_returns_lead_data" time="0.680" /><testcase classname="tests.test_new_funnel.TestLeadResultEndpoint" name="test_get_lead_result_not_found" time="0.170" /><testcase classname="tests.test_new_funnel.TestAppointmentBookingEndpoint" name="test_book_appointment_updates_lead_status" time="0.926" /><testcase classname="tests.test_new_funnel.TestAppointmentBookingEndpoint" name="test_book_appointment_not_found_lead" time="0.124" /><testcase classname="tests.test_new_funnel.TestGaragesEndpoint" name="test_get_garages_returns_active_garages" time="0.150" /><testcase classname="tests.test_new_funnel.TestGaragesEndpoint" name="test_get_garages_with_postal_code_sorts_by_proximity" time="0.430" /><testcase classname="tests.test_new_funnel.TestAvailableSlotsEndpoint" name="test_get_available_slots_returns_slots" time="0.126" /><testcase classname="tests.test_new_funnel.TestAvailableSlotsEndpoint" name="test_get_available_slots_requires_params" time="0.118" /><testcase classname="tests.test_new_funnel.TestAdminStatsEndpoint" name="test_admin_stats_returns_conversion_metrics" time="0.128" /><testcase classname="tests.test_new_funnel.TestAdminStatsEndpoint" name="test_admin_stats_requires_auth" time="0.107" /><testcase classname="tests.test_new_funnel.TestAdminLeadsFiltering" name="test_admin_leads_filter_by_status_estimated" time="0.174" /><testcase classname="tests.test_new_funnel.TestAdminLeadsFiltering" name="test_admin_leads_filter_by_status_appointed" time="0.122" /><testcase classname="tests.test_new_funnel.TestAdminLeadsFiltering" name="test_admin_leads_filter_has_appointment_false" time="0.133" /><testcase classname="tests.test_new_funnel.TestAdminLeadsFiltering" name="test_admin_leads_requires_auth" time="0.109" /><testcase classname="tests.test_new_funnel.TestConcurrencyProtection" name="test_slot_becomes_unavailable_when_booked" time="1.037" /></testsuite></testsuites>