<?xml version="1.0" encoding="utf-8"?><testsuites name="pytest tests"><testsuite name="pytest" errors="0" failures="0" skipped="0" tests="17" time="4.260" timestamp="2026-04-05T21:15:52.264122+00:00" hostname="agent-env-bed448d0-73ce-4aba-9b69-41879a0256e4"><testcase classname="tests.test_seo_pages.TestPublicSeoPages" name="test_national_page_rachat_voiture" time="0.231" /><testcase classname="tests.test_seo_pages.TestPublicSeoPages" name="test_department_page_essonne" time="0.143" /><testcase classname="tests.test_seo_pages.TestPublicSeoPages" name="test_city_page_bretigny_sur_orge" time="0.163" /><testcase classname="tests.test_seo_pages.TestPublicSeoPages" name="test_city_page_saint_michel_sur_orge" time="0.125" /><testcase classname="tests.test_seo_pages.TestPublicSeoPages" name="test_city_page_sainte_genevieve_des_bois" time="0.113" /><testcase classname="tests.test_seo_pages.TestPublicSeoPages" name="test_city_page_epinay_sur_orge" time="0.138" /><testcase classname="tests.test_seo_pages.TestPublicSeoPages" name="test_city_page_le_plessis_pate" time="0.101" /><testcase classname="tests.test_seo_pages.TestPublicSeoPages" name="test_nonexistent_slug_returns_404" time="0.105" /><testcase classname="tests.test_seo_pages.TestPublicSeoPages" name="test_seo_pages_list" time="0.115" /><testcase classname="tests.test_seo_pages.TestAdminSeoPages" name="test_admin_list_seo_pages_requires_auth" time="0.133" /><testcase classname="tests.test_seo_pages.TestAdminSeoPages" name="test_admin_list_seo_pages" time="0.212" /><testcase classname="tests.test_seo_pages.TestAdminSeoPages" name="test_admin_create_page_slug_uniqueness" time="0.117" /><testcase classname="tests.test_seo_pages.TestAdminSeoPages" name="test_admin_create_update_delete_page" time="0.694" /><testcase classname="tests.test_seo_pages.TestAdminSeoPages" name="test_admin_update_nonexistent_page" time="0.104" /><testcase classname="tests.test_seo_pages.TestAdminSeoPages" name="test_admin_delete_nonexistent_page" time="0.112" /><testcase classname="tests.test_seo_pages.TestContentUniqueness" name="test_all_pages_have_unique_intros" time="0.741" /><testcase classname="tests.test_seo_pages.TestContentUniqueness" name="test_all_pages_have_unique_h1" time="0.807" /></testsuite></testsuites>