<?xml version="1.0" encoding="utf-8"?><testsuites name="pytest tests"><testsuite name="pytest" errors="0" failures="0" skipped="0" tests="11" time="13.235" timestamp="2026-04-01T19:09:24.891649+00:00" hostname="agent-env-bed448d0-73ce-4aba-9b69-41879a0256e4"><testcase classname="backend.tests.test_autobiz_integration.TestAutobizIdentify" name="test_identify_real_plate_returns_autobiz_source" time="2.660" /><testcase classname="backend.tests.test_autobiz_integration.TestAutobizIdentify" name="test_identify_returns_vehicle_data" time="0.990" /><testcase classname="backend.tests.test_autobiz_integration.TestAutobizIdentify" name="test_identify_returns_real_versions" time="1.014" /><testcase classname="backend.tests.test_autobiz_integration.TestAutobizIdentify" name="test_identify_invalid_plate_returns_404" time="1.489" /><testcase classname="backend.tests.test_autobiz_integration.TestAutobizQuote" name="test_quote_with_real_version_returns_price" time="2.250" /><testcase classname="backend.tests.test_autobiz_integration.TestAutobizQuote" name="test_quote_applies_range_discount" time="1.179" /><testcase classname="backend.tests.test_autobiz_integration.TestAdminAutobizTest" name="test_admin_test_autobiz_returns_success" time="0.663" /><testcase classname="backend.tests.test_autobiz_integration.TestAdminAutobizTest" name="test_admin_test_autobiz_without_token_returns_401" time="0.115" /><testcase classname="backend.tests.test_autobiz_integration.TestLeadSaveWithAutobiz" name="test_save_drivable_lead_returns_real_price" time="2.363" /><testcase classname="backend.tests.test_autobiz_integration.TestLeadSaveWithAutobiz" name="test_save_non_drivable_lead_returns_zero_price" time="0.169" /><testcase classname="backend.tests.test_autobiz_integration.TestAdminLeadsWithPricing" name="test_admin_leads_show_pricing_data" time="0.247" /></testsuite></testsuites>