<?xml version="1.0" encoding="utf-8"?><testsuites name="pytest tests"><testsuite name="pytest" errors="0" failures="0" skipped="0" tests="30" time="4.180" timestamp="2026-03-31T21:51:50.391640+00:00" hostname="agent-env-bed448d0-73ce-4aba-9b69-41879a0256e4"><testcase classname="backend.tests.test_api.TestHealthEndpoints" name="test_api_root_returns_200" time="0.177" /><testcase classname="backend.tests.test_api.TestHealthEndpoints" name="test_settings_returns_configuration" time="0.104" /><testcase classname="backend.tests.test_api.TestAutobizIdentify" name="test_identify_known_mock_plates[AA123BB-Peugeot-208]" time="0.116" /><testcase classname="backend.tests.test_api.TestAutobizIdentify" name="test_identify_known_mock_plates[CC456DD-Renault-Clio V]" time="0.150" /><testcase classname="backend.tests.test_api.TestAutobizIdentify" name="test_identify_known_mock_plates[GG012HH-Volkswagen-Golf 8]" time="0.142" /><testcase classname="backend.tests.test_api.TestAutobizIdentify" name="test_identify_known_mock_plates[KK345LL-BMW-Serie 3]" time="0.125" /><testcase classname="backend.tests.test_api.TestAutobizIdentify" name="test_identify_known_mock_plates[AB123CD-Toyota-Yaris]" time="0.105" /><testcase classname="backend.tests.test_api.TestAutobizIdentify" name="test_identify_unknown_plate_returns_random_vehicle" time="0.119" /><testcase classname="backend.tests.test_api.TestAutobizIdentify" name="test_identify_returns_versions_list" time="0.102" /><testcase classname="backend.tests.test_api.TestAutobizQuote" name="test_quote_returns_pricing_data" time="0.118" /><testcase classname="backend.tests.test_api.TestAutobizQuote" name="test_quote_applies_range_discount" time="0.132" /><testcase classname="backend.tests.test_api.TestLeadsCRUD" name="test_save_lead_creates_record" time="0.111" /><testcase classname="backend.tests.test_api.TestLeadsCRUD" name="test_save_lead_and_verify_in_list" time="0.165" /><testcase classname="backend.tests.test_api.TestLeadsCRUD" name="test_get_leads_returns_list" time="0.110" /><testcase classname="backend.tests.test_api.TestLeadsCRUD" name="test_save_non_drivable_lead" time="0.129" /><testcase classname="backend.tests.test_api.TestCentersAndAppointments" name="test_get_centers_returns_list" time="0.110" /><testcase classname="backend.tests.test_api.TestCentersAndAppointments" name="test_get_appointment_slots" time="0.103" /><testcase classname="backend.tests.test_api.TestRanges" name="test_get_ranges_returns_seeded_data" time="0.154" /><testcase classname="backend.tests.test_api.TestTracking" name="test_track_event_success" time="0.125" /><testcase classname="backend.tests.test_api.TestIntegrationFlows" name="test_full_estimation_flow" time="0.261" /><testcase classname="backend.tests.test_legacy_migration.TestSaveLeadDrivableTrue" name="test_save_drivable_lead_returns_pricing_breakdown" time="0.134" /><testcase classname="backend.tests.test_legacy_migration.TestSaveLeadDrivableTrue" name="test_save_drivable_lead_hubspot_webhook_disabled" time="0.117" /><testcase classname="backend.tests.test_legacy_migration.TestSaveLeadDrivableFalse" name="test_save_non_drivable_lead_returns_zero_pricing" time="0.116" /><testcase classname="backend.tests.test_legacy_migration.TestTrackingEnrichment" name="test_lead_tracking_includes_server_enriched_data" time="0.237" /><testcase classname="backend.tests.test_legacy_migration.TestPricingInDatabase" name="test_lead_pricing_has_full_breakdown" time="0.196" /><testcase classname="backend.tests.test_legacy_migration.TestAutobizQuotePricing" name="test_quote_returns_full_pricing_breakdown" time="0.110" /><testcase classname="backend.tests.test_legacy_migration.TestPricingRangeLogic" name="test_range_3000_5000_applies_minus_20_percent" time="0.112" /><testcase classname="backend.tests.test_legacy_migration.TestPricingRangeLogic" name="test_range_10000_20000_applies_minus_12_percent" time="0.116" /><testcase classname="backend.tests.test_legacy_migration.TestPricingRangeLogic" name="test_pricing_calculation_matches_range" time="0.107" /><testcase classname="backend.tests.test_legacy_migration.TestLeadsHaveTrackingField" name="test_leads_contain_tracking_field" time="0.182" /></testsuite></testsuites>